<?xml version="1.0" encoding="UTF-8"?>
<!-- Generated by org.testng.reporters.JUnitXMLReporter -->
<testsuite ignored="0" hostname="ShwetaHome" failures="5" tests="36" name="Default test" time="0.434" errors="0" timestamp="2022-10-02T23:35:51 PDT">
  <testcase classname="com.firsebase.test.base.BaseClass" name="@BeforeMethod setUp" time="-1.664778951315E9">
    <failure type="org.testng.TestNGException" message="
Parameter &amp;apos;browsername&amp;apos; is required by BeforeMethod on method setUp but has not been marked @Optional or defined
in C:\Users\shwet\AppData\Local\Temp\testng-eclipse--1574893242\testng-customsuite.xml">
      <![CDATA[org.testng.TestNGException: 
Parameter 'browsername' is required by BeforeMethod on method setUp but has not been marked @Optional or defined
in C:\Users\shwet\AppData\Local\Temp\testng-eclipse--1574893242\testng-customsuite.xml
at org.testng.internal.Parameters.createParams(Parameters.java:270)
at org.testng.internal.Parameters.createParametersForMethod(Parameters.java:358)
at org.testng.internal.Parameters.createParameters(Parameters.java:700)
at org.testng.internal.Parameters.createConfigurationParameters(Parameters.java:168)
at org.testng.internal.ConfigInvoker.invokeConfigurations(ConfigInvoker.java:302)
at org.testng.internal.TestInvoker.runConfigMethods(TestInvoker.java:700)
at org.testng.internal.TestInvoker.invokeMethod(TestInvoker.java:527)
at org.testng.internal.TestInvoker.invokeTestMethod(TestInvoker.java:173)
at org.testng.internal.MethodRunner.runInSequence(MethodRunner.java:46)
at org.testng.internal.TestInvoker$MethodInvocationAgent.invoke(TestInvoker.java:824)
at org.testng.internal.TestInvoker.invokeTestMethods(TestInvoker.java:146)
at org.testng.internal.TestMethodWorker.invokeTestMethods(TestMethodWorker.java:146)
at org.testng.internal.TestMethodWorker.run(TestMethodWorker.java:128)
at java.base/java.util.ArrayList.forEach(ArrayList.java:1511)
at org.testng.TestRunner.privateRun(TestRunner.java:794)
at org.testng.TestRunner.run(TestRunner.java:596)
at org.testng.SuiteRunner.runTest(SuiteRunner.java:377)
at org.testng.SuiteRunner.runSequentially(SuiteRunner.java:371)
at org.testng.SuiteRunner.privateRun(SuiteRunner.java:332)
at org.testng.SuiteRunner.run(SuiteRunner.java:276)
at org.testng.SuiteRunnerWorker.runSuite(SuiteRunnerWorker.java:53)
at org.testng.SuiteRunnerWorker.run(SuiteRunnerWorker.java:96)
at org.testng.TestNG.runSuitesSequentially(TestNG.java:1212)
at org.testng.TestNG.runSuitesLocally(TestNG.java:1134)
at org.testng.TestNG.runSuites(TestNG.java:1063)
at org.testng.TestNG.run(TestNG.java:1031)
at org.testng.remote.AbstractRemoteTestNG.run(AbstractRemoteTestNG.java:115)
at org.testng.remote.RemoteTestNG.initAndRun(RemoteTestNG.java:251)
at org.testng.remote.RemoteTestNG.main(RemoteTestNG.java:77)
]]>
    </failure>
  </testcase> <!-- @BeforeMethod setUp -->
  <testcase classname="com.firsebase.test.base.BaseClass" name="@AfterMethod tearDown" time="-1.664778951347E9">
    <skipped/>
  </testcase> <!-- @AfterMethod tearDown -->
  <testcase classname="com.firsebase.test.base.BaseClass" name="@BeforeMethod setUp" time="-1.664778951352E9">
    <skipped/>
  </testcase> <!-- @BeforeMethod setUp -->
  <testcase classname="com.firsebase.test.base.BaseClass" name="@AfterMethod tearDown" time="-1.66477895137E9">
    <skipped/>
  </testcase> <!-- @AfterMethod tearDown -->
  <testcase classname="com.firsebase.test.base.BaseClass" name="@BeforeMethod setUp" time="-1.664778951372E9">
    <skipped/>
  </testcase> <!-- @BeforeMethod setUp -->
  <testcase classname="com.firsebase.test.base.BaseClass" name="@AfterMethod tearDown" time="-1.664778951386E9">
    <skipped/>
  </testcase> <!-- @AfterMethod tearDown -->
  <testcase classname="com.firsebase.test.base.BaseClass" name="@BeforeMethod setUp" time="-1.664778951388E9">
    <skipped/>
  </testcase> <!-- @BeforeMethod setUp -->
  <testcase classname="com.firsebase.test.base.BaseClass" name="@AfterMethod tearDown" time="-1.664778951396E9">
    <skipped/>
  </testcase> <!-- @AfterMethod tearDown -->
  <testcase classname="com.firsebase.test.base.BaseClass" name="@BeforeMethod setUp" time="-1.664778951398E9">
    <skipped/>
  </testcase> <!-- @BeforeMethod setUp -->
  <testcase classname="com.firsebase.test.base.BaseClass" name="@AfterMethod tearDown" time="-1.664778951414E9">
    <skipped/>
  </testcase> <!-- @AfterMethod tearDown -->
  <testcase classname="com.firsebase.test.base.BaseClass" name="@BeforeMethod setUp" time="-1.664778951416E9">
    <skipped/>
  </testcase> <!-- @BeforeMethod setUp -->
  <testcase classname="com.firsebase.test.base.BaseClass" name="@AfterMethod tearDown" time="-1.664778951422E9">
    <skipped/>
  </testcase> <!-- @AfterMethod tearDown -->
  <testcase classname="com.firsebase.test.base.BaseClass" name="@BeforeMethod setUp" time="-1.664778951423E9">
    <skipped/>
  </testcase> <!-- @BeforeMethod setUp -->
  <testcase classname="com.firsebase.test.base.BaseClass" name="@AfterMethod tearDown" time="-1.664778951426E9">
    <skipped/>
  </testcase> <!-- @AfterMethod tearDown -->
  <testcase classname="com.firsebase.test.base.BaseClass" name="@BeforeMethod setUp" time="-1.664778951428E9">
    <skipped/>
  </testcase> <!-- @BeforeMethod setUp -->
  <testcase classname="com.firsebase.test.base.BaseClass" name="@AfterMethod tearDown" time="-1.664778951431E9">
    <skipped/>
  </testcase> <!-- @AfterMethod tearDown -->
  <testcase classname="com.firsebase.test.base.BaseClass" name="@BeforeMethod setUp" time="-1.664778951432E9">
    <skipped/>
  </testcase> <!-- @BeforeMethod setUp -->
  <testcase classname="com.firsebase.test.base.BaseClass" name="@AfterMethod tearDown" time="-1.664778951436E9">
    <skipped/>
  </testcase> <!-- @AfterMethod tearDown -->
  <testcase classname="com.firsebase.test.base.BaseClass" name="@BeforeMethod setUp" time="-1.664778951437E9">
    <skipped/>
  </testcase> <!-- @BeforeMethod setUp -->
  <testcase classname="com.firsebase.test.base.BaseClass" name="@AfterMethod tearDown" time="-1.664778951461E9">
    <skipped/>
  </testcase> <!-- @AfterMethod tearDown -->
  <testcase classname="com.firsebase.test.base.BaseClass" name="@BeforeMethod setUp" time="-1.664778951478E9">
    <skipped/>
  </testcase> <!-- @BeforeMethod setUp -->
  <testcase classname="com.firsebase.test.base.BaseClass" name="@AfterMethod tearDown" time="-1.664778951488E9">
    <skipped/>
  </testcase> <!-- @AfterMethod tearDown -->
  <testcase classname="com.firsebase.test.base.BaseClass" name="@BeforeMethod setUp" time="-1.66477895149E9">
    <skipped/>
  </testcase> <!-- @BeforeMethod setUp -->
  <testcase classname="com.firsebase.test.base.BaseClass" name="@AfterMethod tearDown" time="-1.664778951496E9">
    <skipped/>
  </testcase> <!-- @AfterMethod tearDown -->
  <testcase classname="com.firsebase.test.base.BaseClass" name="@BeforeMethod setUp" time="-1.664778951515E9">
    <skipped/>
  </testcase> <!-- @BeforeMethod setUp -->
  <testcase classname="com.firsebase.test.base.BaseClass" name="@AfterMethod tearDown" time="-1.664778951518E9">
    <skipped/>
  </testcase> <!-- @AfterMethod tearDown -->
  <testcase classname="com.firsebase.test.base.BaseClass" name="@BeforeMethod setUp" time="-1.664778951518E9">
    <skipped/>
  </testcase> <!-- @BeforeMethod setUp -->
  <testcase classname="com.firsebase.test.base.BaseClass" name="@AfterMethod tearDown" time="-1.664778951522E9">
    <skipped/>
  </testcase> <!-- @AfterMethod tearDown -->
  <testcase classname="com.firsebase.test.base.BaseClass" name="@BeforeMethod setUp" time="-1.664778951523E9">
    <skipped/>
  </testcase> <!-- @BeforeMethod setUp -->
  <testcase classname="com.firsebase.test.base.BaseClass" name="@AfterMethod tearDown" time="-1.66477895153E9">
    <skipped/>
  </testcase> <!-- @AfterMethod tearDown -->
  <testcase classname="com.firsebase.test.base.BaseClass" name="@BeforeMethod setUp" time="-1.664778951537E9">
    <skipped/>
  </testcase> <!-- @BeforeMethod setUp -->
  <testcase classname="com.firsebase.test.base.BaseClass" name="@AfterMethod tearDown" time="-1.66477895154E9">
    <skipped/>
  </testcase> <!-- @AfterMethod tearDown -->
  <testcase classname="com.firsebase.test.base.BaseClass" name="@BeforeMethod setUp" time="-1.664778951542E9">
    <skipped/>
  </testcase> <!-- @BeforeMethod setUp -->
  <testcase classname="com.firsebase.test.base.BaseClass" name="@AfterMethod tearDown" time="-1.664778951545E9">
    <skipped/>
  </testcase> <!-- @AfterMethod tearDown -->
  <testcase classname="com.firsebase.test.base.BaseClass" name="@BeforeMethod setUp" time="-1.664778951549E9">
    <skipped/>
  </testcase> <!-- @BeforeMethod setUp -->
  <testcase classname="com.firsebase.test.base.BaseClass" name="@AfterMethod tearDown" time="-1.664778951551E9">
    <skipped/>
  </testcase> <!-- @AfterMethod tearDown -->
  <testcase classname="com.firsebase.test.base.BaseClass" name="@BeforeMethod setUp" time="-1.664778951552E9">
    <skipped/>
  </testcase> <!-- @BeforeMethod setUp -->
  <testcase classname="com.firsebase.test.base.BaseClass" name="@AfterMethod tearDown" time="-1.664778951558E9">
    <skipped/>
  </testcase> <!-- @AfterMethod tearDown -->
  <testcase classname="com.firsebase.test.base.BaseClass" name="@BeforeMethod setUp" time="-1.664778951561E9">
    <skipped/>
  </testcase> <!-- @BeforeMethod setUp -->
  <testcase classname="com.firsebase.test.base.BaseClass" name="@AfterMethod tearDown" time="-1.664778951566E9">
    <skipped/>
  </testcase> <!-- @AfterMethod tearDown -->
  <testcase classname="com.firsebase.test.base.BaseClass" name="@BeforeMethod setUp" time="-1.664778951567E9">
    <skipped/>
  </testcase> <!-- @BeforeMethod setUp -->
  <testcase classname="com.firsebase.test.base.BaseClass" name="@AfterMethod tearDown" time="-1.664778951571E9">
    <skipped/>
  </testcase> <!-- @AfterMethod tearDown -->
  <testcase classname="com.firsebase.test.base.BaseClass" name="@BeforeMethod setUp" time="-1.664778951573E9">
    <skipped/>
  </testcase> <!-- @BeforeMethod setUp -->
  <testcase classname="com.firsebase.test.base.BaseClass" name="@AfterMethod tearDown" time="-1.664778951576E9">
    <skipped/>
  </testcase> <!-- @AfterMethod tearDown -->
  <testcase classname="com.firsebase.test.base.BaseClass" name="@BeforeMethod setUp" time="-1.664778951577E9">
    <skipped/>
  </testcase> <!-- @BeforeMethod setUp -->
  <testcase classname="com.firsebase.test.base.BaseClass" name="@AfterMethod tearDown" time="-1.664778951578E9">
    <skipped/>
  </testcase> <!-- @AfterMethod tearDown -->
  <testcase classname="com.firsebase.test.base.BaseClass" name="@BeforeMethod setUp" time="-1.66477895158E9">
    <skipped/>
  </testcase> <!-- @BeforeMethod setUp -->
  <testcase classname="com.firsebase.test.base.BaseClass" name="@AfterMethod tearDown" time="-1.664778951581E9">
    <skipped/>
  </testcase> <!-- @AfterMethod tearDown -->
  <testcase classname="com.firsebase.test.base.BaseClass" name="@BeforeMethod setUp" time="-1.664778951582E9">
    <skipped/>
  </testcase> <!-- @BeforeMethod setUp -->
  <testcase classname="com.firsebase.test.base.BaseClass" name="@AfterMethod tearDown" time="-1.664778951584E9">
    <skipped/>
  </testcase> <!-- @AfterMethod tearDown -->
  <testcase classname="com.firsebase.test.base.BaseClass" name="@BeforeMethod setUp" time="-1.664778951584E9">
    <skipped/>
  </testcase> <!-- @BeforeMethod setUp -->
  <testcase classname="com.firsebase.test.base.BaseClass" name="@AfterMethod tearDown" time="-1.664778951586E9">
    <skipped/>
  </testcase> <!-- @AfterMethod tearDown -->
  <testcase classname="com.firsebase.test.base.BaseClass" name="@BeforeMethod setUp" time="-1.664778951586E9">
    <skipped/>
  </testcase> <!-- @BeforeMethod setUp -->
  <testcase classname="com.firsebase.test.base.BaseClass" name="@AfterMethod tearDown" time="-1.664778951588E9">
    <skipped/>
  </testcase> <!-- @AfterMethod tearDown -->
  <testcase classname="com.firsebase.test.base.BaseClass" name="@BeforeMethod setUp" time="-1.66477895159E9">
    <skipped/>
  </testcase> <!-- @BeforeMethod setUp -->
  <testcase classname="com.firsebase.test.base.BaseClass" name="@AfterMethod tearDown" time="-1.664778951592E9">
    <skipped/>
  </testcase> <!-- @AfterMethod tearDown -->
  <testcase classname="com.firsebase.test.base.BaseClass" name="@BeforeMethod setUp" time="-1.664778951593E9">
    <skipped/>
  </testcase> <!-- @BeforeMethod setUp -->
  <testcase classname="com.firsebase.test.base.BaseClass" name="@AfterMethod tearDown" time="-1.664778951597E9">
    <skipped/>
  </testcase> <!-- @AfterMethod tearDown -->
  <testcase classname="com.firsebase.test.base.BaseClass" name="@BeforeMethod setUp" time="-1.664778951598E9">
    <skipped/>
  </testcase> <!-- @BeforeMethod setUp -->
  <testcase classname="com.firsebase.test.base.BaseClass" name="@AfterMethod tearDown" time="-1.664778951602E9">
    <skipped/>
  </testcase> <!-- @AfterMethod tearDown -->
  <testcase classname="com.firsebase.test.base.BaseClass" name="@BeforeMethod setUp" time="-1.664778951605E9">
    <skipped/>
  </testcase> <!-- @BeforeMethod setUp -->
  <testcase classname="com.firsebase.test.base.BaseClass" name="@AfterMethod tearDown" time="-1.664778951609E9">
    <skipped/>
  </testcase> <!-- @AfterMethod tearDown -->
  <testcase classname="com.firsebase.test.base.BaseClass" name="@AfterTest tearDownAfterTest" time="-1.664778951612E9">
    <failure type="org.testng.TestNGException" message="
Can inject only one of &amp;lt;ITestContext, XmlTest&amp;gt; into a @AfterTest annotated tearDownAfterTest.
For more information on native dependency injection please refer to https://testng.org/doc/documentation-main.html#native-dependency-injection">
      <![CDATA[org.testng.TestNGException: 
Can inject only one of <ITestContext, XmlTest> into a @AfterTest annotated tearDownAfterTest.
For more information on native dependency injection please refer to https://testng.org/doc/documentation-main.html#native-dependency-injection
at org.testng.internal.Parameters.checkParameterTypes(Parameters.java:439)
at org.testng.internal.Parameters.createParametersForMethod(Parameters.java:353)
at org.testng.internal.Parameters.createParameters(Parameters.java:708)
at org.testng.internal.Parameters.createConfigurationParameters(Parameters.java:168)
at org.testng.internal.ConfigInvoker.invokeConfigurations(ConfigInvoker.java:302)
at org.testng.TestRunner.invokeTestConfigurations(TestRunner.java:637)
at org.testng.TestRunner.afterRun(TestRunner.java:877)
at org.testng.TestRunner.run(TestRunner.java:599)
at org.testng.SuiteRunner.runTest(SuiteRunner.java:377)
at org.testng.SuiteRunner.runSequentially(SuiteRunner.java:371)
at org.testng.SuiteRunner.privateRun(SuiteRunner.java:332)
at org.testng.SuiteRunner.run(SuiteRunner.java:276)
at org.testng.SuiteRunnerWorker.runSuite(SuiteRunnerWorker.java:53)
at org.testng.SuiteRunnerWorker.run(SuiteRunnerWorker.java:96)
at org.testng.TestNG.runSuitesSequentially(TestNG.java:1212)
at org.testng.TestNG.runSuitesLocally(TestNG.java:1134)
at org.testng.TestNG.runSuites(TestNG.java:1063)
at org.testng.TestNG.run(TestNG.java:1031)
at org.testng.remote.AbstractRemoteTestNG.run(AbstractRemoteTestNG.java:115)
at org.testng.remote.RemoteTestNG.initAndRun(RemoteTestNG.java:251)
at org.testng.remote.RemoteTestNG.main(RemoteTestNG.java:77)
]]>
    </failure>
  </testcase> <!-- @AfterTest tearDownAfterTest -->
  <testcase classname="com.firebase.test.tests.AutomationTest" name="ForgotPassword4A" time="0.0">
    <skipped/>
  </testcase> <!-- ForgotPassword4A -->
  <testcase classname="com.firebase.test.tests.AutomationTest" name="ForgotPassword4B" time="0.0">
    <skipped/>
  </testcase> <!-- ForgotPassword4B -->
  <testcase classname="com.firebase.test.tests.AutomationTest" name="blockAnyTC37" time="0.0">
    <skipped/>
  </testcase> <!-- blockAnyTC37 -->
  <testcase classname="com.firebase.test.tests.AutomationTest" name="blockEventTC36" time="0.0">
    <skipped/>
  </testcase> <!-- blockEventTC36 -->
  <testcase classname="com.firebase.test.tests.AutomationTest" name="checkCancelTC31" time="0.0">
    <skipped/>
  </testcase> <!-- checkCancelTC31 -->
  <testcase classname="com.firebase.test.tests.AutomationTest" name="checkErrorTC30" time="0.0">
    <skipped/>
  </testcase> <!-- checkErrorTC30 -->
  <testcase classname="com.firebase.test.tests.AutomationTest" name="checkMyContactsTC28" time="0.0">
    <skipped/>
  </testcase> <!-- checkMyContactsTC28 -->
  <testcase classname="com.firebase.test.tests.AutomationTest" name="checkRecentlyCreatedContactTC27" time="0.0">
    <skipped/>
  </testcase> <!-- checkRecentlyCreatedContactTC27 -->
  <testcase classname="com.firebase.test.tests.AutomationTest" name="checkRememberMe3" time="0.0">
    <skipped/>
  </testcase> <!-- checkRememberMe3 -->
  <testcase classname="com.firebase.test.tests.AutomationTest" name="checkSaveAndNewTC32" time="0.0">
    <skipped/>
  </testcase> <!-- checkSaveAndNewTC32 -->
  <testcase classname="com.firebase.test.tests.AutomationTest" name="chromeTC05" time="0.0">
    <skipped/>
  </testcase> <!-- chromeTC05 -->
  <testcase classname="com.firebase.test.tests.AutomationTest" name="chromeTC06" time="0.0">
    <skipped/>
  </testcase> <!-- chromeTC06 -->
  <testcase classname="com.firebase.test.tests.AutomationTest" name="chromeTC07" time="0.0">
    <failure type="org.testng.TestNGException" message="
Cannot inject @Test annotated Method [chromeTC07] with [class java.lang.String].
For more information on native dependency injection please refer to https://testng.org/doc/documentation-main.html#native-dependency-injection">
      <![CDATA[org.testng.TestNGException: 
Cannot inject @Test annotated Method [chromeTC07] with [class java.lang.String].
For more information on native dependency injection please refer to https://testng.org/doc/documentation-main.html#native-dependency-injection
at org.testng.internal.Parameters.checkParameterTypes(Parameters.java:439)
at org.testng.internal.Parameters.createParametersForMethod(Parameters.java:353)
at org.testng.internal.Parameters.createParameters(Parameters.java:708)
at org.testng.internal.Parameters.handleParameters(Parameters.java:884)
at org.testng.internal.Parameters.handleParameters(Parameters.java:740)
at org.testng.internal.ParameterHandler.handleParameters(ParameterHandler.java:59)
at org.testng.internal.ParameterHandler.createParameters(ParameterHandler.java:38)
at org.testng.internal.TestInvoker$MethodInvocationAgent.invoke(TestInvoker.java:791)
at org.testng.internal.TestInvoker.invokeTestMethods(TestInvoker.java:146)
at org.testng.internal.TestMethodWorker.invokeTestMethods(TestMethodWorker.java:146)
at org.testng.internal.TestMethodWorker.run(TestMethodWorker.java:128)
at java.base/java.util.ArrayList.forEach(ArrayList.java:1511)
at org.testng.TestRunner.privateRun(TestRunner.java:794)
at org.testng.TestRunner.run(TestRunner.java:596)
at org.testng.SuiteRunner.runTest(SuiteRunner.java:377)
at org.testng.SuiteRunner.runSequentially(SuiteRunner.java:371)
at org.testng.SuiteRunner.privateRun(SuiteRunner.java:332)
at org.testng.SuiteRunner.run(SuiteRunner.java:276)
at org.testng.SuiteRunnerWorker.runSuite(SuiteRunnerWorker.java:53)
at org.testng.SuiteRunnerWorker.run(SuiteRunnerWorker.java:96)
at org.testng.TestNG.runSuitesSequentially(TestNG.java:1212)
at org.testng.TestNG.runSuitesLocally(TestNG.java:1134)
at org.testng.TestNG.runSuites(TestNG.java:1063)
at org.testng.TestNG.run(TestNG.java:1031)
at org.testng.remote.AbstractRemoteTestNG.run(AbstractRemoteTestNG.java:115)
at org.testng.remote.RemoteTestNG.initAndRun(RemoteTestNG.java:251)
at org.testng.remote.RemoteTestNG.main(RemoteTestNG.java:77)
]]>
    </failure>
  </testcase> <!-- chromeTC07 -->
  <testcase classname="com.firebase.test.tests.AutomationTest" name="chromeTC08" time="0.0">
    <failure type="org.testng.TestNGException" message="
Cannot inject @Test annotated Method [chromeTC08] with [class java.lang.String].
For more information on native dependency injection please refer to https://testng.org/doc/documentation-main.html#native-dependency-injection">
      <![CDATA[org.testng.TestNGException: 
Cannot inject @Test annotated Method [chromeTC08] with [class java.lang.String].
For more information on native dependency injection please refer to https://testng.org/doc/documentation-main.html#native-dependency-injection
at org.testng.internal.Parameters.checkParameterTypes(Parameters.java:439)
at org.testng.internal.Parameters.createParametersForMethod(Parameters.java:353)
at org.testng.internal.Parameters.createParameters(Parameters.java:708)
at org.testng.internal.Parameters.handleParameters(Parameters.java:884)
at org.testng.internal.Parameters.handleParameters(Parameters.java:740)
at org.testng.internal.ParameterHandler.handleParameters(ParameterHandler.java:59)
at org.testng.internal.ParameterHandler.createParameters(ParameterHandler.java:38)
at org.testng.internal.TestInvoker$MethodInvocationAgent.invoke(TestInvoker.java:791)
at org.testng.internal.TestInvoker.invokeTestMethods(TestInvoker.java:146)
at org.testng.internal.TestMethodWorker.invokeTestMethods(TestMethodWorker.java:146)
at org.testng.internal.TestMethodWorker.run(TestMethodWorker.java:128)
at java.base/java.util.ArrayList.forEach(ArrayList.java:1511)
at org.testng.TestRunner.privateRun(TestRunner.java:794)
at org.testng.TestRunner.run(TestRunner.java:596)
at org.testng.SuiteRunner.runTest(SuiteRunner.java:377)
at org.testng.SuiteRunner.runSequentially(SuiteRunner.java:371)
at org.testng.SuiteRunner.privateRun(SuiteRunner.java:332)
at org.testng.SuiteRunner.run(SuiteRunner.java:276)
at org.testng.SuiteRunnerWorker.runSuite(SuiteRunnerWorker.java:53)
at org.testng.SuiteRunnerWorker.run(SuiteRunnerWorker.java:96)
at org.testng.TestNG.runSuitesSequentially(TestNG.java:1212)
at org.testng.TestNG.runSuitesLocally(TestNG.java:1134)
at org.testng.TestNG.runSuites(TestNG.java:1063)
at org.testng.TestNG.run(TestNG.java:1031)
at org.testng.remote.AbstractRemoteTestNG.run(AbstractRemoteTestNG.java:115)
at org.testng.remote.RemoteTestNG.initAndRun(RemoteTestNG.java:251)
at org.testng.remote.RemoteTestNG.main(RemoteTestNG.java:77)
]]>
    </failure>
  </testcase> <!-- chromeTC08 -->
  <testcase classname="com.firebase.test.tests.AutomationTest" name="chromeTC10CreateAccount" time="0.0">
    <failure type="org.testng.TestNGException" message="
Cannot inject @Test annotated Method [chromeTC10CreateAccount] with [class java.lang.String].
For more information on native dependency injection please refer to https://testng.org/doc/documentation-main.html#native-dependency-injection">
      <![CDATA[org.testng.TestNGException: 
Cannot inject @Test annotated Method [chromeTC10CreateAccount] with [class java.lang.String].
For more information on native dependency injection please refer to https://testng.org/doc/documentation-main.html#native-dependency-injection
at org.testng.internal.Parameters.checkParameterTypes(Parameters.java:439)
at org.testng.internal.Parameters.createParametersForMethod(Parameters.java:353)
at org.testng.internal.Parameters.createParameters(Parameters.java:708)
at org.testng.internal.Parameters.handleParameters(Parameters.java:884)
at org.testng.internal.Parameters.handleParameters(Parameters.java:740)
at org.testng.internal.ParameterHandler.handleParameters(ParameterHandler.java:59)
at org.testng.internal.ParameterHandler.createParameters(ParameterHandler.java:38)
at org.testng.internal.TestInvoker$MethodInvocationAgent.invoke(TestInvoker.java:791)
at org.testng.internal.TestInvoker.invokeTestMethods(TestInvoker.java:146)
at org.testng.internal.TestMethodWorker.invokeTestMethods(TestMethodWorker.java:146)
at org.testng.internal.TestMethodWorker.run(TestMethodWorker.java:128)
at java.base/java.util.ArrayList.forEach(ArrayList.java:1511)
at org.testng.TestRunner.privateRun(TestRunner.java:794)
at org.testng.TestRunner.run(TestRunner.java:596)
at org.testng.SuiteRunner.runTest(SuiteRunner.java:377)
at org.testng.SuiteRunner.runSequentially(SuiteRunner.java:371)
at org.testng.SuiteRunner.privateRun(SuiteRunner.java:332)
at org.testng.SuiteRunner.run(SuiteRunner.java:276)
at org.testng.SuiteRunnerWorker.runSuite(SuiteRunnerWorker.java:53)
at org.testng.SuiteRunnerWorker.run(SuiteRunnerWorker.java:96)
at org.testng.TestNG.runSuitesSequentially(TestNG.java:1212)
at org.testng.TestNG.runSuitesLocally(TestNG.java:1134)
at org.testng.TestNG.runSuites(TestNG.java:1063)
at org.testng.TestNG.run(TestNG.java:1031)
at org.testng.remote.AbstractRemoteTestNG.run(AbstractRemoteTestNG.java:115)
at org.testng.remote.RemoteTestNG.initAndRun(RemoteTestNG.java:251)
at org.testng.remote.RemoteTestNG.main(RemoteTestNG.java:77)
]]>
    </failure>
  </testcase> <!-- chromeTC10CreateAccount -->
  <testcase classname="com.firebase.test.tests.AutomationTest" name="chromeTC11CreateNewView" time="0.0">
    <failure type="org.testng.TestNGException" message="
Cannot inject @Test annotated Method [chromeTC11CreateNewView] with [class java.lang.String].
For more information on native dependency injection please refer to https://testng.org/doc/documentation-main.html#native-dependency-injection">
      <![CDATA[org.testng.TestNGException: 
Cannot inject @Test annotated Method [chromeTC11CreateNewView] with [class java.lang.String].
For more information on native dependency injection please refer to https://testng.org/doc/documentation-main.html#native-dependency-injection
at org.testng.internal.Parameters.checkParameterTypes(Parameters.java:439)
at org.testng.internal.Parameters.createParametersForMethod(Parameters.java:353)
at org.testng.internal.Parameters.createParameters(Parameters.java:708)
at org.testng.internal.Parameters.handleParameters(Parameters.java:884)
at org.testng.internal.Parameters.handleParameters(Parameters.java:740)
at org.testng.internal.ParameterHandler.handleParameters(ParameterHandler.java:59)
at org.testng.internal.ParameterHandler.createParameters(ParameterHandler.java:38)
at org.testng.internal.TestInvoker$MethodInvocationAgent.invoke(TestInvoker.java:791)
at org.testng.internal.TestInvoker.invokeTestMethods(TestInvoker.java:146)
at org.testng.internal.TestMethodWorker.invokeTestMethods(TestMethodWorker.java:146)
at org.testng.internal.TestMethodWorker.run(TestMethodWorker.java:128)
at java.base/java.util.ArrayList.forEach(ArrayList.java:1511)
at org.testng.TestRunner.privateRun(TestRunner.java:794)
at org.testng.TestRunner.run(TestRunner.java:596)
at org.testng.SuiteRunner.runTest(SuiteRunner.java:377)
at org.testng.SuiteRunner.runSequentially(SuiteRunner.java:371)
at org.testng.SuiteRunner.privateRun(SuiteRunner.java:332)
at org.testng.SuiteRunner.run(SuiteRunner.java:276)
at org.testng.SuiteRunnerWorker.runSuite(SuiteRunnerWorker.java:53)
at org.testng.SuiteRunnerWorker.run(SuiteRunnerWorker.java:96)
at org.testng.TestNG.runSuitesSequentially(TestNG.java:1212)
at org.testng.TestNG.runSuitesLocally(TestNG.java:1134)
at org.testng.TestNG.runSuites(TestNG.java:1063)
at org.testng.TestNG.run(TestNG.java:1031)
at org.testng.remote.AbstractRemoteTestNG.run(AbstractRemoteTestNG.java:115)
at org.testng.remote.RemoteTestNG.initAndRun(RemoteTestNG.java:251)
at org.testng.remote.RemoteTestNG.main(RemoteTestNG.java:77)
]]>
    </failure>
  </testcase> <!-- chromeTC11CreateNewView -->
  <testcase classname="com.firebase.test.tests.AutomationTest" name="chromeTC12EditView" time="0.0">
    <failure type="org.testng.TestNGException" message="
Cannot inject @Test annotated Method [chromeTC12EditView] with [class java.lang.String].
For more information on native dependency injection please refer to https://testng.org/doc/documentation-main.html#native-dependency-injection">
      <![CDATA[org.testng.TestNGException: 
Cannot inject @Test annotated Method [chromeTC12EditView] with [class java.lang.String].
For more information on native dependency injection please refer to https://testng.org/doc/documentation-main.html#native-dependency-injection
at org.testng.internal.Parameters.checkParameterTypes(Parameters.java:439)
at org.testng.internal.Parameters.createParametersForMethod(Parameters.java:353)
at org.testng.internal.Parameters.createParameters(Parameters.java:708)
at org.testng.internal.Parameters.handleParameters(Parameters.java:884)
at org.testng.internal.Parameters.handleParameters(Parameters.java:740)
at org.testng.internal.ParameterHandler.handleParameters(ParameterHandler.java:59)
at org.testng.internal.ParameterHandler.createParameters(ParameterHandler.java:38)
at org.testng.internal.TestInvoker$MethodInvocationAgent.invoke(TestInvoker.java:791)
at org.testng.internal.TestInvoker.invokeTestMethods(TestInvoker.java:146)
at org.testng.internal.TestMethodWorker.invokeTestMethods(TestMethodWorker.java:146)
at org.testng.internal.TestMethodWorker.run(TestMethodWorker.java:128)
at java.base/java.util.ArrayList.forEach(ArrayList.java:1511)
at org.testng.TestRunner.privateRun(TestRunner.java:794)
at org.testng.TestRunner.run(TestRunner.java:596)
at org.testng.SuiteRunner.runTest(SuiteRunner.java:377)
at org.testng.SuiteRunner.runSequentially(SuiteRunner.java:371)
at org.testng.SuiteRunner.privateRun(SuiteRunner.java:332)
at org.testng.SuiteRunner.run(SuiteRunner.java:276)
at org.testng.SuiteRunnerWorker.runSuite(SuiteRunnerWorker.java:53)
at org.testng.SuiteRunnerWorker.run(SuiteRunnerWorker.java:96)
at org.testng.TestNG.runSuitesSequentially(TestNG.java:1212)
at org.testng.TestNG.runSuitesLocally(TestNG.java:1134)
at org.testng.TestNG.runSuites(TestNG.java:1063)
at org.testng.TestNG.run(TestNG.java:1031)
at org.testng.remote.AbstractRemoteTestNG.run(AbstractRemoteTestNG.java:115)
at org.testng.remote.RemoteTestNG.initAndRun(RemoteTestNG.java:251)
at org.testng.remote.RemoteTestNG.main(RemoteTestNG.java:77)
]]>
    </failure>
  </testcase> <!-- chromeTC12EditView -->
  <testcase classname="com.firebase.test.tests.AutomationTest" name="createAccountReportTC14" time="0.0">
    <skipped/>
  </testcase> <!-- createAccountReportTC14 -->
  <testcase classname="com.firebase.test.tests.AutomationTest" name="createNewContactTC25" time="0.0">
    <skipped/>
  </testcase> <!-- createNewContactTC25 -->
  <testcase classname="com.firebase.test.tests.AutomationTest" name="createNewViewContactTC26" time="0.0">
    <skipped/>
  </testcase> <!-- createNewViewContactTC26 -->
  <testcase classname="com.firebase.test.tests.AutomationTest" name="loginErrorMessage" time="0.0">
    <skipped/>
  </testcase> <!-- loginErrorMessage -->
  <testcase classname="com.firebase.test.tests.AutomationTest" name="loginToSalesforce1" time="0.0">
    <skipped/>
  </testcase> <!-- loginToSalesforce1 -->
  <testcase classname="com.firebase.test.tests.AutomationTest" name="mergeAccountsTC13" time="0.0">
    <skipped/>
  </testcase> <!-- mergeAccountsTC13 -->
  <testcase classname="com.firebase.test.tests.AutomationTest" name="salesforceTC15" time="0.0">
    <skipped/>
  </testcase> <!-- salesforceTC15 -->
  <testcase classname="com.firebase.test.tests.AutomationTest" name="salesforceTC17" time="0.0">
    <skipped/>
  </testcase> <!-- salesforceTC17 -->
  <testcase classname="com.firebase.test.tests.AutomationTest" name="salesforceTC18" time="0.001">
    <skipped/>
  </testcase> <!-- salesforceTC18 -->
  <testcase classname="com.firebase.test.tests.AutomationTest" name="salesforceTC19" time="0.0">
    <skipped/>
  </testcase> <!-- salesforceTC19 -->
  <testcase classname="com.firebase.test.tests.AutomationTest" name="salesforceTC20leadsTab" time="0.0">
    <skipped/>
  </testcase> <!-- salesforceTC20leadsTab -->
  <testcase classname="com.firebase.test.tests.AutomationTest" name="salesforceTC21leadsTab" time="0.0">
    <skipped/>
  </testcase> <!-- salesforceTC21leadsTab -->
  <testcase classname="com.firebase.test.tests.AutomationTest" name="salesforceTC22DefaultVeiw" time="0.0">
    <skipped/>
  </testcase> <!-- salesforceTC22DefaultVeiw -->
  <testcase classname="com.firebase.test.tests.AutomationTest" name="salesforceTC23leadsTab" time="0.0">
    <skipped/>
  </testcase> <!-- salesforceTC23leadsTab -->
  <testcase classname="com.firebase.test.tests.AutomationTest" name="salesforceTC24leadsTab" time="0.0">
    <skipped/>
  </testcase> <!-- salesforceTC24leadsTab -->
  <testcase classname="com.firebase.test.tests.AutomationTest" name="salesforceTC33" time="0.0">
    <skipped/>
  </testcase> <!-- salesforceTC33 -->
  <testcase classname="com.firebase.test.tests.AutomationTest" name="tabCustomizationTC35" time="0.0">
    <skipped/>
  </testcase> <!-- tabCustomizationTC35 -->
  <testcase classname="com.firebase.test.tests.AutomationTest" name="verifyTC34" time="0.0">
    <skipped/>
  </testcase> <!-- verifyTC34 -->
  <testcase classname="com.firebase.test.tests.AutomationTest" name="viewContactTC29" time="0.0">
    <skipped/>
  </testcase> <!-- viewContactTC29 -->
</testsuite> <!-- Default test -->
