<?xml version="1.0" encoding="UTF-8"?>
<!-- Generated by org.testng.reporters.JUnitXMLReporter -->
<testsuite ignored="0" hostname="ShwetaHome" failures="0" tests="26" name="Default test" time="0.475" errors="0" timestamp="2022-10-02T14:47:10 PDT">
  <testcase classname="com.firsebase.test.base.BaseClass" name="@BeforeMethod setUp" time="-1.664747230598E9">
    <failure type="org.testng.TestNGException" message="
Parameter &amp;apos;browsername&amp;apos; is required by BeforeMethod on method setUp but has not been marked @Optional or defined
in C:\Users\shwet\AppData\Local\Temp\testng-eclipse--554983266\testng-customsuite.xml">
      <![CDATA[org.testng.TestNGException: 
Parameter 'browsername' is required by BeforeMethod on method setUp but has not been marked @Optional or defined
in C:\Users\shwet\AppData\Local\Temp\testng-eclipse--554983266\testng-customsuite.xml
at org.testng.internal.Parameters.createParams(Parameters.java:270)
at org.testng.internal.Parameters.createParametersForMethod(Parameters.java:358)
at org.testng.internal.Parameters.createParameters(Parameters.java:700)
at org.testng.internal.Parameters.createConfigurationParameters(Parameters.java:168)
at org.testng.internal.ConfigInvoker.invokeConfigurations(ConfigInvoker.java:302)
at org.testng.internal.TestInvoker.runConfigMethods(TestInvoker.java:700)
at org.testng.internal.TestInvoker.invokeMethod(TestInvoker.java:527)
at org.testng.internal.TestInvoker.invokeTestMethod(TestInvoker.java:173)
at org.testng.internal.MethodRunner.runInSequence(MethodRunner.java:46)
at org.testng.internal.TestInvoker$MethodInvocationAgent.invoke(TestInvoker.java:824)
at org.testng.internal.TestInvoker.invokeTestMethods(TestInvoker.java:146)
at org.testng.internal.TestMethodWorker.invokeTestMethods(TestMethodWorker.java:146)
at org.testng.internal.TestMethodWorker.run(TestMethodWorker.java:128)
at java.base/java.util.ArrayList.forEach(ArrayList.java:1511)
at org.testng.TestRunner.privateRun(TestRunner.java:794)
at org.testng.TestRunner.run(TestRunner.java:596)
at org.testng.SuiteRunner.runTest(SuiteRunner.java:377)
at org.testng.SuiteRunner.runSequentially(SuiteRunner.java:371)
at org.testng.SuiteRunner.privateRun(SuiteRunner.java:332)
at org.testng.SuiteRunner.run(SuiteRunner.java:276)
at org.testng.SuiteRunnerWorker.runSuite(SuiteRunnerWorker.java:53)
at org.testng.SuiteRunnerWorker.run(SuiteRunnerWorker.java:96)
at org.testng.TestNG.runSuitesSequentially(TestNG.java:1212)
at org.testng.TestNG.runSuitesLocally(TestNG.java:1134)
at org.testng.TestNG.runSuites(TestNG.java:1063)
at org.testng.TestNG.run(TestNG.java:1031)
at org.testng.remote.AbstractRemoteTestNG.run(AbstractRemoteTestNG.java:115)
at org.testng.remote.RemoteTestNG.initAndRun(RemoteTestNG.java:251)
at org.testng.remote.RemoteTestNG.main(RemoteTestNG.java:77)
]]>
    </failure>
  </testcase> <!-- @BeforeMethod setUp -->
  <testcase classname="com.firsebase.test.base.BaseClass" name="@AfterMethod tearDown" time="-1.664747230615E9">
    <skipped/>
  </testcase> <!-- @AfterMethod tearDown -->
  <testcase classname="com.firsebase.test.base.BaseClass" name="@BeforeMethod setUp" time="-1.664747230618E9">
    <skipped/>
  </testcase> <!-- @BeforeMethod setUp -->
  <testcase classname="com.firsebase.test.base.BaseClass" name="@AfterMethod tearDown" time="-1.664747230635E9">
    <skipped/>
  </testcase> <!-- @AfterMethod tearDown -->
  <testcase classname="com.firsebase.test.base.BaseClass" name="@BeforeMethod setUp" time="-1.664747230638E9">
    <skipped/>
  </testcase> <!-- @BeforeMethod setUp -->
  <testcase classname="com.firsebase.test.base.BaseClass" name="@AfterMethod tearDown" time="-1.664747230651E9">
    <skipped/>
  </testcase> <!-- @AfterMethod tearDown -->
  <testcase classname="com.firsebase.test.base.BaseClass" name="@BeforeMethod setUp" time="-1.664747230652E9">
    <skipped/>
  </testcase> <!-- @BeforeMethod setUp -->
  <testcase classname="com.firsebase.test.base.BaseClass" name="@AfterMethod tearDown" time="-1.664747230657E9">
    <skipped/>
  </testcase> <!-- @AfterMethod tearDown -->
  <testcase classname="com.firsebase.test.base.BaseClass" name="@BeforeMethod setUp" time="-1.664747230658E9">
    <skipped/>
  </testcase> <!-- @BeforeMethod setUp -->
  <testcase classname="com.firsebase.test.base.BaseClass" name="@AfterMethod tearDown" time="-1.664747230673E9">
    <skipped/>
  </testcase> <!-- @AfterMethod tearDown -->
  <testcase classname="com.firsebase.test.base.BaseClass" name="@BeforeMethod setUp" time="-1.664747230678E9">
    <skipped/>
  </testcase> <!-- @BeforeMethod setUp -->
  <testcase classname="com.firsebase.test.base.BaseClass" name="@AfterMethod tearDown" time="-1.664747230686E9">
    <skipped/>
  </testcase> <!-- @AfterMethod tearDown -->
  <testcase classname="com.firsebase.test.base.BaseClass" name="@BeforeMethod setUp" time="-1.664747230689E9">
    <skipped/>
  </testcase> <!-- @BeforeMethod setUp -->
  <testcase classname="com.firsebase.test.base.BaseClass" name="@AfterMethod tearDown" time="-1.6647472307E9">
    <skipped/>
  </testcase> <!-- @AfterMethod tearDown -->
  <testcase classname="com.firsebase.test.base.BaseClass" name="@BeforeMethod setUp" time="-1.664747230701E9">
    <skipped/>
  </testcase> <!-- @BeforeMethod setUp -->
  <testcase classname="com.firsebase.test.base.BaseClass" name="@AfterMethod tearDown" time="-1.664747230705E9">
    <skipped/>
  </testcase> <!-- @AfterMethod tearDown -->
  <testcase classname="com.firsebase.test.base.BaseClass" name="@BeforeMethod setUp" time="-1.664747230706E9">
    <skipped/>
  </testcase> <!-- @BeforeMethod setUp -->
  <testcase classname="com.firsebase.test.base.BaseClass" name="@AfterMethod tearDown" time="-1.664747230712E9">
    <skipped/>
  </testcase> <!-- @AfterMethod tearDown -->
  <testcase classname="com.firsebase.test.base.BaseClass" name="@BeforeMethod setUp" time="-1.664747230714E9">
    <skipped/>
  </testcase> <!-- @BeforeMethod setUp -->
  <testcase classname="com.firsebase.test.base.BaseClass" name="@AfterMethod tearDown" time="-1.664747230718E9">
    <skipped/>
  </testcase> <!-- @AfterMethod tearDown -->
  <testcase classname="com.firsebase.test.base.BaseClass" name="@BeforeMethod setUp" time="-1.66474723072E9">
    <skipped/>
  </testcase> <!-- @BeforeMethod setUp -->
  <testcase classname="com.firsebase.test.base.BaseClass" name="@AfterMethod tearDown" time="-1.664747230724E9">
    <skipped/>
  </testcase> <!-- @AfterMethod tearDown -->
  <testcase classname="com.firsebase.test.base.BaseClass" name="@BeforeMethod setUp" time="-1.664747230725E9">
    <skipped/>
  </testcase> <!-- @BeforeMethod setUp -->
  <testcase classname="com.firsebase.test.base.BaseClass" name="@AfterMethod tearDown" time="-1.664747230732E9">
    <skipped/>
  </testcase> <!-- @AfterMethod tearDown -->
  <testcase classname="com.firsebase.test.base.BaseClass" name="@BeforeMethod setUp" time="-1.664747230734E9">
    <skipped/>
  </testcase> <!-- @BeforeMethod setUp -->
  <testcase classname="com.firsebase.test.base.BaseClass" name="@AfterMethod tearDown" time="-1.66474723075E9">
    <skipped/>
  </testcase> <!-- @AfterMethod tearDown -->
  <testcase classname="com.firsebase.test.base.BaseClass" name="@BeforeMethod setUp" time="-1.664747230752E9">
    <skipped/>
  </testcase> <!-- @BeforeMethod setUp -->
  <testcase classname="com.firsebase.test.base.BaseClass" name="@AfterMethod tearDown" time="-1.664747230761E9">
    <skipped/>
  </testcase> <!-- @AfterMethod tearDown -->
  <testcase classname="com.firsebase.test.base.BaseClass" name="@BeforeMethod setUp" time="-1.664747230763E9">
    <skipped/>
  </testcase> <!-- @BeforeMethod setUp -->
  <testcase classname="com.firsebase.test.base.BaseClass" name="@AfterMethod tearDown" time="-1.664747230767E9">
    <skipped/>
  </testcase> <!-- @AfterMethod tearDown -->
  <testcase classname="com.firsebase.test.base.BaseClass" name="@BeforeMethod setUp" time="-1.664747230768E9">
    <skipped/>
  </testcase> <!-- @BeforeMethod setUp -->
  <testcase classname="com.firsebase.test.base.BaseClass" name="@AfterMethod tearDown" time="-1.664747230782E9">
    <skipped/>
  </testcase> <!-- @AfterMethod tearDown -->
  <testcase classname="com.firsebase.test.base.BaseClass" name="@BeforeMethod setUp" time="-1.664747230787E9">
    <skipped/>
  </testcase> <!-- @BeforeMethod setUp -->
  <testcase classname="com.firsebase.test.base.BaseClass" name="@AfterMethod tearDown" time="-1.664747230791E9">
    <skipped/>
  </testcase> <!-- @AfterMethod tearDown -->
  <testcase classname="com.firsebase.test.base.BaseClass" name="@BeforeMethod setUp" time="-1.664747230793E9">
    <skipped/>
  </testcase> <!-- @BeforeMethod setUp -->
  <testcase classname="com.firsebase.test.base.BaseClass" name="@AfterMethod tearDown" time="-1.664747230797E9">
    <skipped/>
  </testcase> <!-- @AfterMethod tearDown -->
  <testcase classname="com.firsebase.test.base.BaseClass" name="@BeforeMethod setUp" time="-1.664747230798E9">
    <skipped/>
  </testcase> <!-- @BeforeMethod setUp -->
  <testcase classname="com.firsebase.test.base.BaseClass" name="@AfterMethod tearDown" time="-1.664747230805E9">
    <skipped/>
  </testcase> <!-- @AfterMethod tearDown -->
  <testcase classname="com.firsebase.test.base.BaseClass" name="@BeforeMethod setUp" time="-1.664747230809E9">
    <skipped/>
  </testcase> <!-- @BeforeMethod setUp -->
  <testcase classname="com.firsebase.test.base.BaseClass" name="@AfterMethod tearDown" time="-1.664747230812E9">
    <skipped/>
  </testcase> <!-- @AfterMethod tearDown -->
  <testcase classname="com.firsebase.test.base.BaseClass" name="@BeforeMethod setUp" time="-1.664747230814E9">
    <skipped/>
  </testcase> <!-- @BeforeMethod setUp -->
  <testcase classname="com.firsebase.test.base.BaseClass" name="@AfterMethod tearDown" time="-1.664747230817E9">
    <skipped/>
  </testcase> <!-- @AfterMethod tearDown -->
  <testcase classname="com.firsebase.test.base.BaseClass" name="@BeforeMethod setUp" time="-1.664747230819E9">
    <skipped/>
  </testcase> <!-- @BeforeMethod setUp -->
  <testcase classname="com.firsebase.test.base.BaseClass" name="@AfterMethod tearDown" time="-1.664747230823E9">
    <skipped/>
  </testcase> <!-- @AfterMethod tearDown -->
  <testcase classname="com.firsebase.test.base.BaseClass" name="@BeforeMethod setUp" time="-1.664747230824E9">
    <skipped/>
  </testcase> <!-- @BeforeMethod setUp -->
  <testcase classname="com.firsebase.test.base.BaseClass" name="@AfterMethod tearDown" time="-1.664747230832E9">
    <skipped/>
  </testcase> <!-- @AfterMethod tearDown -->
  <testcase classname="com.firsebase.test.base.BaseClass" name="@BeforeMethod setUp" time="-1.664747230836E9">
    <skipped/>
  </testcase> <!-- @BeforeMethod setUp -->
  <testcase classname="com.firsebase.test.base.BaseClass" name="@AfterMethod tearDown" time="-1.664747230847E9">
    <skipped/>
  </testcase> <!-- @AfterMethod tearDown -->
  <testcase classname="com.firsebase.test.base.BaseClass" name="@BeforeMethod setUp" time="-1.66474723085E9">
    <skipped/>
  </testcase> <!-- @BeforeMethod setUp -->
  <testcase classname="com.firsebase.test.base.BaseClass" name="@AfterMethod tearDown" time="-1.664747230853E9">
    <skipped/>
  </testcase> <!-- @AfterMethod tearDown -->
  <testcase classname="com.firsebase.test.base.BaseClass" name="@BeforeMethod setUp" time="-1.664747230854E9">
    <skipped/>
  </testcase> <!-- @BeforeMethod setUp -->
  <testcase classname="com.firsebase.test.base.BaseClass" name="@AfterMethod tearDown" time="-1.664747230856E9">
    <skipped/>
  </testcase> <!-- @AfterMethod tearDown -->
  <testcase classname="com.firebase.test.tests.AutomationTest" name="ForgotPassword4A" time="0.0">
    <skipped/>
  </testcase> <!-- ForgotPassword4A -->
  <testcase classname="com.firebase.test.tests.AutomationTest" name="ForgotPassword4B" time="0.0">
    <skipped/>
  </testcase> <!-- ForgotPassword4B -->
  <testcase classname="com.firebase.test.tests.AutomationTest" name="checkCancelTC31" time="0.0">
    <skipped/>
  </testcase> <!-- checkCancelTC31 -->
  <testcase classname="com.firebase.test.tests.AutomationTest" name="checkErrorTC30" time="0.0">
    <skipped/>
  </testcase> <!-- checkErrorTC30 -->
  <testcase classname="com.firebase.test.tests.AutomationTest" name="checkMyContactsTC28" time="0.0">
    <skipped/>
  </testcase> <!-- checkMyContactsTC28 -->
  <testcase classname="com.firebase.test.tests.AutomationTest" name="checkRecentlyCreatedContactTC27" time="0.0">
    <skipped/>
  </testcase> <!-- checkRecentlyCreatedContactTC27 -->
  <testcase classname="com.firebase.test.tests.AutomationTest" name="checkRememberMe3" time="0.0">
    <skipped/>
  </testcase> <!-- checkRememberMe3 -->
  <testcase classname="com.firebase.test.tests.AutomationTest" name="checkSaveAndNewTC32" time="0.0">
    <skipped/>
  </testcase> <!-- checkSaveAndNewTC32 -->
  <testcase classname="com.firebase.test.tests.AutomationTest" name="chromeTC05" time="0.0">
    <skipped/>
  </testcase> <!-- chromeTC05 -->
  <testcase classname="com.firebase.test.tests.AutomationTest" name="chromeTC06" time="0.0">
    <skipped/>
  </testcase> <!-- chromeTC06 -->
  <testcase classname="com.firebase.test.tests.AutomationTest" name="createNewContactTC25" time="0.0">
    <skipped/>
  </testcase> <!-- createNewContactTC25 -->
  <testcase classname="com.firebase.test.tests.AutomationTest" name="createNewViewContactTC26" time="0.0">
    <skipped/>
  </testcase> <!-- createNewViewContactTC26 -->
  <testcase classname="com.firebase.test.tests.AutomationTest" name="loginErrorMessage" time="0.0">
    <skipped/>
  </testcase> <!-- loginErrorMessage -->
  <testcase classname="com.firebase.test.tests.AutomationTest" name="loginToSalesforce1" time="0.0">
    <skipped/>
  </testcase> <!-- loginToSalesforce1 -->
  <testcase classname="com.firebase.test.tests.AutomationTest" name="mergeAccountsTC13" time="0.0">
    <skipped/>
  </testcase> <!-- mergeAccountsTC13 -->
  <testcase classname="com.firebase.test.tests.AutomationTest" name="salesforceTC15" time="0.0">
    <skipped/>
  </testcase> <!-- salesforceTC15 -->
  <testcase classname="com.firebase.test.tests.AutomationTest" name="salesforceTC17" time="0.0">
    <skipped/>
  </testcase> <!-- salesforceTC17 -->
  <testcase classname="com.firebase.test.tests.AutomationTest" name="salesforceTC18" time="0.0">
    <skipped/>
  </testcase> <!-- salesforceTC18 -->
  <testcase classname="com.firebase.test.tests.AutomationTest" name="salesforceTC19" time="0.0">
    <skipped/>
  </testcase> <!-- salesforceTC19 -->
  <testcase classname="com.firebase.test.tests.AutomationTest" name="salesforceTC20leadsTab" time="0.0">
    <skipped/>
  </testcase> <!-- salesforceTC20leadsTab -->
  <testcase classname="com.firebase.test.tests.AutomationTest" name="salesforceTC21leadsTab" time="0.0">
    <skipped/>
  </testcase> <!-- salesforceTC21leadsTab -->
  <testcase classname="com.firebase.test.tests.AutomationTest" name="salesforceTC22DefaultVeiw" time="0.0">
    <skipped/>
  </testcase> <!-- salesforceTC22DefaultVeiw -->
  <testcase classname="com.firebase.test.tests.AutomationTest" name="salesforceTC23leadsTab" time="0.0">
    <skipped/>
  </testcase> <!-- salesforceTC23leadsTab -->
  <testcase classname="com.firebase.test.tests.AutomationTest" name="salesforceTC24leadsTab" time="0.0">
    <skipped/>
  </testcase> <!-- salesforceTC24leadsTab -->
  <testcase classname="com.firebase.test.tests.AutomationTest" name="verifyTC34" time="0.0">
    <skipped/>
  </testcase> <!-- verifyTC34 -->
  <testcase classname="com.firebase.test.tests.AutomationTest" name="viewContactTC29" time="0.0">
    <skipped/>
  </testcase> <!-- viewContactTC29 -->
</testsuite> <!-- Default test -->
