<?xml version="1.0" encoding="UTF-8"?>
<!-- Generated by org.testng.reporters.JUnitXMLReporter -->
<testsuite ignored="35" hostname="ShwetaHome" failures="1" tests="1" name="Firefox Tests" time="31.172" errors="0" timestamp="2022-10-03T22:32:20 PDT">
  <testcase classname="com.firebase.test.tests.AutomationTest" name="salesforceTC33" time="21.686">
    <failure type="java.lang.AssertionError" message="expected [https://cricketinusa-dev-ed.develop.my.salesforce.com/_ui/core/userprofile/UserProfilePage?tab=sfdc.ProfilePlatformFeed] but found [https://cricketinusa-dev-ed.develop.my.salesforce.com/_ui/core/userprofile/UserProfilePage?u=0054x000005QGjo&amp;amp;tab=sfdc.ProfilePlatformFeed]">
      <![CDATA[java.lang.AssertionError: expected [https://cricketinusa-dev-ed.develop.my.salesforce.com/_ui/core/userprofile/UserProfilePage?tab=sfdc.ProfilePlatformFeed] but found [https://cricketinusa-dev-ed.develop.my.salesforce.com/_ui/core/userprofile/UserProfilePage?u=0054x000005QGjo&tab=sfdc.ProfilePlatformFeed]
at com.firebase.test.tests.AutomationTest.salesforceTC33(AutomationTest.java:891)
at java.base/java.util.ArrayList.forEach(ArrayList.java:1511)
... Removed 31 stack frames]]>
    </failure>
  </testcase> <!-- salesforceTC33 -->
  <testcase classname="com.firebase.test.tests.AutomationTest" name="checkErrorTC30" time="0.0">
    <ignored/>
  </testcase> <!-- checkErrorTC30 -->
  <testcase classname="com.firebase.test.tests.AutomationTest" name="verifyTC34" time="0.0">
    <ignored/>
  </testcase> <!-- verifyTC34 -->
  <testcase classname="com.firebase.test.tests.AutomationTest" name="loginToSalesforce1" time="0.0">
    <ignored/>
  </testcase> <!-- loginToSalesforce1 -->
  <testcase classname="com.firebase.test.tests.AutomationTest" name="salesforceTC22DefaultVeiw" time="0.0">
    <ignored/>
  </testcase> <!-- salesforceTC22DefaultVeiw -->
  <testcase classname="com.firebase.test.tests.AutomationTest" name="chromeTC06" time="0.0">
    <ignored/>
  </testcase> <!-- chromeTC06 -->
  <testcase classname="com.firebase.test.tests.AutomationTest" name="mergeAccountsTC13" time="0.0">
    <ignored/>
  </testcase> <!-- mergeAccountsTC13 -->
  <testcase classname="com.firebase.test.tests.AutomationTest" name="chromeTC05" time="0.0">
    <ignored/>
  </testcase> <!-- chromeTC05 -->
  <testcase classname="com.firebase.test.tests.AutomationTest" name="chromeTC12EditView" time="0.0">
    <ignored/>
  </testcase> <!-- chromeTC12EditView -->
  <testcase classname="com.firebase.test.tests.AutomationTest" name="blockEventTC36" time="0.0">
    <ignored/>
  </testcase> <!-- blockEventTC36 -->
  <testcase classname="com.firebase.test.tests.AutomationTest" name="salesforceTC17" time="0.0">
    <ignored/>
  </testcase> <!-- salesforceTC17 -->
  <testcase classname="com.firebase.test.tests.AutomationTest" name="chromeTC08" time="0.0">
    <ignored/>
  </testcase> <!-- chromeTC08 -->
  <testcase classname="com.firebase.test.tests.AutomationTest" name="salesforceTC15" time="0.0">
    <ignored/>
  </testcase> <!-- salesforceTC15 -->
  <testcase classname="com.firebase.test.tests.AutomationTest" name="salesforceTC18" time="0.0">
    <ignored/>
  </testcase> <!-- salesforceTC18 -->
  <testcase classname="com.firebase.test.tests.AutomationTest" name="checkSaveAndNewTC32" time="0.0">
    <ignored/>
  </testcase> <!-- checkSaveAndNewTC32 -->
  <testcase classname="com.firebase.test.tests.AutomationTest" name="salesforceTC19" time="0.0">
    <ignored/>
  </testcase> <!-- salesforceTC19 -->
  <testcase classname="com.firebase.test.tests.AutomationTest" name="tabCustomizationTC35" time="0.0">
    <ignored/>
  </testcase> <!-- tabCustomizationTC35 -->
  <testcase classname="com.firebase.test.tests.AutomationTest" name="checkRecentlyCreatedContactTC27" time="0.0">
    <ignored/>
  </testcase> <!-- checkRecentlyCreatedContactTC27 -->
  <testcase classname="com.firebase.test.tests.AutomationTest" name="checkCancelTC31" time="0.0">
    <ignored/>
  </testcase> <!-- checkCancelTC31 -->
  <testcase classname="com.firebase.test.tests.AutomationTest" name="chromeTC07" time="0.0">
    <ignored/>
  </testcase> <!-- chromeTC07 -->
  <testcase classname="com.firebase.test.tests.AutomationTest" name="salesforceTC20leadsTab" time="0.0">
    <ignored/>
  </testcase> <!-- salesforceTC20leadsTab -->
  <testcase classname="com.firebase.test.tests.AutomationTest" name="createNewViewContactTC26" time="0.0">
    <ignored/>
  </testcase> <!-- createNewViewContactTC26 -->
  <testcase classname="com.firebase.test.tests.AutomationTest" name="loginErrorMessage" time="0.0">
    <ignored/>
  </testcase> <!-- loginErrorMessage -->
  <testcase classname="com.firebase.test.tests.AutomationTest" name="ForgotPassword4A" time="0.0">
    <ignored/>
  </testcase> <!-- ForgotPassword4A -->
  <testcase classname="com.firebase.test.tests.AutomationTest" name="ForgotPassword4B" time="0.0">
    <ignored/>
  </testcase> <!-- ForgotPassword4B -->
  <testcase classname="com.firebase.test.tests.AutomationTest" name="chromeTC11CreateNewView" time="0.0">
    <ignored/>
  </testcase> <!-- chromeTC11CreateNewView -->
  <testcase classname="com.firebase.test.tests.AutomationTest" name="viewContactTC29" time="0.0">
    <ignored/>
  </testcase> <!-- viewContactTC29 -->
  <testcase classname="com.firebase.test.tests.AutomationTest" name="createAccountReportTC14" time="0.0">
    <ignored/>
  </testcase> <!-- createAccountReportTC14 -->
  <testcase classname="com.firebase.test.tests.AutomationTest" name="checkRememberMe3" time="0.0">
    <ignored/>
  </testcase> <!-- checkRememberMe3 -->
  <testcase classname="com.firebase.test.tests.AutomationTest" name="chromeTC10CreateAccount" time="0.0">
    <ignored/>
  </testcase> <!-- chromeTC10CreateAccount -->
  <testcase classname="com.firebase.test.tests.AutomationTest" name="checkMyContactsTC28" time="0.0">
    <ignored/>
  </testcase> <!-- checkMyContactsTC28 -->
  <testcase classname="com.firebase.test.tests.AutomationTest" name="salesforceTC23leadsTab" time="0.0">
    <ignored/>
  </testcase> <!-- salesforceTC23leadsTab -->
  <testcase classname="com.firebase.test.tests.AutomationTest" name="blockAnyTC37" time="0.0">
    <ignored/>
  </testcase> <!-- blockAnyTC37 -->
  <testcase classname="com.firebase.test.tests.AutomationTest" name="salesforceTC24leadsTab" time="0.0">
    <ignored/>
  </testcase> <!-- salesforceTC24leadsTab -->
  <testcase classname="com.firebase.test.tests.AutomationTest" name="createNewContactTC25" time="0.0">
    <ignored/>
  </testcase> <!-- createNewContactTC25 -->
  <testcase classname="com.firebase.test.tests.AutomationTest" name="salesforceTC21leadsTab" time="0.0">
    <ignored/>
  </testcase> <!-- salesforceTC21leadsTab -->
</testsuite> <!-- Firefox Tests -->
