<?xml version="1.0" encoding="UTF-8"?>
<testng-results ignored="35" total="36" passed="1" failed="0" skipped="0">
  <reporter-output>
  </reporter-output>
  <suite started-at="2022-10-03T16:56:46 PDT" name="Suite1" finished-at="2022-10-03T16:57:26 PDT" duration-ms="40350">
    <groups>
    </groups>
    <test started-at="2022-10-03T16:56:46 PDT" name="Firefox Tests" finished-at="2022-10-03T16:57:26 PDT" duration-ms="40350">
      <class name="com.firebase.test.tests.AutomationTest">
        <test-method is-config="true" signature="setupBeforeTest()[pri:0, instance:com.firebase.test.tests.AutomationTest@3abada5a]" started-at="2022-10-03T16:56:46 PDT" name="setupBeforeTest" finished-at="2022-10-03T16:56:46 PDT" duration-ms="300" status="PASS">
          <reporter-output>
          </reporter-output>
        </test-method> <!-- setupBeforeTest -->
        <test-method is-config="true" signature="setUp(java.lang.String,java.lang.reflect.Method)[pri:0, instance:com.firebase.test.tests.AutomationTest@3abada5a]" started-at="2022-10-03T16:56:46 PDT" name="setUp" finished-at="2022-10-03T16:56:51 PDT" duration-ms="4782" status="PASS">
          <params>
            <param index="0">
              <value>
                <![CDATA[chrome]]>
              </value>
            </param>
            <param index="1">
              <value>
                <![CDATA[public static void com.firebase.test.tests.AutomationTest.createAccountReportTC14() throws java.lang.Exception]]>
              </value>
            </param>
          </params>
          <reporter-output>
          </reporter-output>
        </test-method> <!-- setUp -->
        <test-method signature="createAccountReportTC14()[pri:0, instance:com.firebase.test.tests.AutomationTest@3abada5a]" started-at="2022-10-03T16:56:51 PDT" name="createAccountReportTC14" finished-at="2022-10-03T16:57:19 PDT" duration-ms="27610" status="PASS">
          <reporter-output>
          </reporter-output>
        </test-method> <!-- createAccountReportTC14 -->
        <test-method is-config="true" signature="tearDown(org.testng.ITestResult)[pri:0, instance:com.firebase.test.tests.AutomationTest@3abada5a]" started-at="2022-10-03T16:57:19 PDT" name="tearDown" finished-at="2022-10-03T16:57:26 PDT" duration-ms="7599" status="PASS">
          <params>
            <param index="0">
              <value>
                <![CDATA[[TestResult name=createAccountReportTC14 status=SUCCESS method=AutomationTest.createAccountReportTC14()[pri:0, instance:com.firebase.test.tests.AutomationTest@3abada5a] output={null}]]]>
              </value>
            </param>
          </params>
          <reporter-output>
          </reporter-output>
        </test-method> <!-- tearDown -->
        <test-method is-config="true" signature="tearDownAfterTest(org.testng.ITestResult)[pri:0, instance:com.firebase.test.tests.AutomationTest@3abada5a]" started-at="2022-10-03T16:57:26 PDT" name="tearDownAfterTest" finished-at="1969-12-31T16:00:00 PST" duration-ms="-1664841446982" status="FAIL">
          <exception class="org.testng.TestNGException">
            <message>
              <![CDATA[
Can inject only one of <ITestContext, XmlTest> into a @AfterTest annotated tearDownAfterTest.
For more information on native dependency injection please refer to https://testng.org/doc/documentation-main.html#native-dependency-injection]]>
            </message>
            <full-stacktrace>
              <![CDATA[org.testng.TestNGException: 
Can inject only one of <ITestContext, XmlTest> into a @AfterTest annotated tearDownAfterTest.
For more information on native dependency injection please refer to https://testng.org/doc/documentation-main.html#native-dependency-injection
at org.testng.internal.Parameters.checkParameterTypes(Parameters.java:439)
at org.testng.internal.Parameters.createParametersForMethod(Parameters.java:353)
at org.testng.internal.Parameters.createParameters(Parameters.java:708)
at org.testng.internal.Parameters.createConfigurationParameters(Parameters.java:168)
at org.testng.internal.ConfigInvoker.invokeConfigurations(ConfigInvoker.java:302)
at org.testng.TestRunner.invokeTestConfigurations(TestRunner.java:637)
at org.testng.TestRunner.afterRun(TestRunner.java:877)
at org.testng.TestRunner.run(TestRunner.java:599)
at org.testng.SuiteRunner.runTest(SuiteRunner.java:377)
at org.testng.SuiteRunner.runSequentially(SuiteRunner.java:371)
at org.testng.SuiteRunner.privateRun(SuiteRunner.java:332)
at org.testng.SuiteRunner.run(SuiteRunner.java:276)
at org.testng.SuiteRunnerWorker.runSuite(SuiteRunnerWorker.java:53)
at org.testng.SuiteRunnerWorker.run(SuiteRunnerWorker.java:96)
at org.testng.TestNG.runSuitesSequentially(TestNG.java:1212)
at org.testng.TestNG.runSuitesLocally(TestNG.java:1134)
at org.testng.TestNG.runSuites(TestNG.java:1063)
at org.testng.TestNG.run(TestNG.java:1031)
at org.testng.remote.AbstractRemoteTestNG.run(AbstractRemoteTestNG.java:115)
at org.testng.remote.RemoteTestNG.initAndRun(RemoteTestNG.java:251)
at org.testng.remote.RemoteTestNG.main(RemoteTestNG.java:77)
]]>
            </full-stacktrace>
          </exception> <!-- org.testng.TestNGException -->
          <reporter-output>
          </reporter-output>
        </test-method> <!-- tearDownAfterTest -->
      </class> <!-- com.firebase.test.tests.AutomationTest -->
    </test> <!-- Firefox Tests -->
  </suite> <!-- Suite1 -->
</testng-results>
